[0m04:28:49.077095 [debug] [MainThread]: Sending event: {'category': 'dbt', 'action': 'invocation', 'label': 'start', 'context': [<snowplow_tracker.self_describing_json.SelfDescribingJson object at 0x00000189AC1A12B0>, <snowplow_tracker.self_describing_json.SelfDescribingJson object at 0x00000189A8EEF110>, <snowplow_tracker.self_describing_json.SelfDescribingJson object at 0x00000189ACE420D0>]}


============================== 04:28:49.084731 | c14893ef-9de9-4dd5-a386-e8cfee0783bc ==============================
[0m04:28:49.084731 [info ] [MainThread]: Running with dbt=1.11.8
[0m04:28:49.085992 [debug] [MainThread]: running dbt with arguments {'version_check': 'True', 'no_print': 'None', 'static_parser': 'True', 'warn_error_options': 'WarnErrorOptionsV2(error=[], warn=[], silence=[])', 'target_path': 'None', 'printer_width': '80', 'write_json': 'True', 'introspect': 'True', 'log_cache_events': 'False', 'empty': 'None', 'cache_selected_only': 'False', 'log_format': 'default', 'debug': 'False', 'fail_fast': 'False', 'profiles_dir': 'C:\\Users\\EISHIT JAIN\\.dbt', 'send_anonymous_usage_stats': 'True', 'quiet': 'False', 'warn_error': 'None', 'partial_parse': 'True', 'use_colors': 'True', 'indirect_selection': 'eager', 'invocation_command': 'dbt init recon_dbt', 'use_experimental_parser': 'False', 'log_path': 'logs'}
[0m04:28:49.118702 [info ] [MainThread]: Creating dbt configuration folder at C:\Users\EISHIT JAIN\.dbt
[0m04:28:49.125409 [debug] [MainThread]: Starter project path: E:\Anaconda\Lib\site-packages\dbt\include\starter_project
[0m04:28:49.156882 [info ] [MainThread]: 
Your new dbt project "recon_dbt" was created!

For more information on how to configure the profiles.yml file,
please consult the dbt documentation here:

  https://docs.getdbt.com/docs/configure-your-profile

One more thing:

Need help? Don't hesitate to reach out to us via GitHub issues or on Slack:

  https://community.getdbt.com/

Happy modeling!

[0m04:28:49.158469 [info ] [MainThread]: Setting up your profile.
[0m04:29:02.827317 [debug] [MainThread]: Snowflake adapter: Setting snowflake.connector to ERROR (file logging only)
[0m04:29:02.828920 [debug] [MainThread]: Snowflake adapter: Setting botocore to ERROR (file logging only)
[0m04:29:02.830166 [debug] [MainThread]: Snowflake adapter: Setting boto3 to ERROR (file logging only)
[0m04:33:44.928355 [info ] [MainThread]: Profile recon_dbt written to C:\Users\EISHIT JAIN\.dbt\profiles.yml using target's profile_template.yml and your supplied values. Run 'dbt debug' to validate the connection.
[0m04:33:44.940544 [debug] [MainThread]: Command `dbt init` succeeded at 04:33:44.931002 after 296.07 seconds
[0m04:33:44.941319 [debug] [MainThread]: Sending event: {'category': 'dbt', 'action': 'invocation', 'label': 'end', 'context': [<snowplow_tracker.self_describing_json.SelfDescribingJson object at 0x00000189B1E27950>, <snowplow_tracker.self_describing_json.SelfDescribingJson object at 0x00000189B1939370>, <snowplow_tracker.self_describing_json.SelfDescribingJson object at 0x00000189B1E62030>]}
[0m04:33:44.941991 [debug] [MainThread]: Flushing usage events
[0m04:33:47.077052 [debug] [MainThread]: An error was encountered while trying to flush usage events
